Using pre-set license
Built from '2020.3/release' branch; Version is '2020.3.31f1 (6b54b7616050) revision 7034039'; Using compiler version '192528614'; Build Type 'Release'
OS: 'Windows 10  (10.0.19044) 64bit CoreSingleLanguage' Language: 'es' Physical Memory: 8075 MB
BatchMode: 1, IsHumanControllingUs: 0, StartBugReporterOnCrash: 0, Is64bit: 1, IsPro: 0

COMMAND LINE ARGUMENTS:
C:\Program Files\Unity\Hub\Editor\2020.3.31f1\Editor\Unity.exe
-adb2
-batchMode
-noUpm
-name
AssetImportWorker3
-projectPath
C:/Users/benja/Desktop/Aplicacion Realidad Aumentada/New Unity Project
-logFile
Logs/AssetImportWorker3.log
-srvPort
60296
Successfully changed project path to: C:/Users/benja/Desktop/Aplicacion Realidad Aumentada/New Unity Project
C:/Users/benja/Desktop/Aplicacion Realidad Aumentada/New Unity Project
Using Asset Import Pipeline V2.
Refreshing native plugins compatible for Editor in 53.55 ms, found 2 plugins.
Preloading 0 native plugins for Editor in 0.00 ms.
Initialize engine version: 2020.3.31f1 (6b54b7616050)
[Subsystems] Discovering subsystems at path C:/Program Files/Unity/Hub/Editor/2020.3.31f1/Editor/Data/Resources/UnitySubsystems
[Subsystems] Discovering subsystems at path C:/Users/benja/Desktop/Aplicacion Realidad Aumentada/New Unity Project/Assets
GfxDevice: creating device client; threaded=0
Direct3D:
    Version:  Direct3D 11.0 [level 11.1]
    Renderer: Intel(R) UHD Graphics 620 (ID=0x5917)
    Vendor:   
    VRAM:     4037 MB
    Driver:   27.20.100.8853
Initialize mono
Mono path[0] = 'C:/Program Files/Unity/Hub/Editor/2020.3.31f1/Editor/Data/Managed'
Mono path[1] = 'C:/Program Files/Unity/Hub/Editor/2020.3.31f1/Editor/Data/MonoBleedingEdge/lib/mono/unityjit'
Mono config path = 'C:/Program Files/Unity/Hub/Editor/2020.3.31f1/Editor/Data/MonoBleedingEdge/etc'
Using monoOptions --debugger-agent=transport=dt_socket,embedding=1,server=y,suspend=n,address=127.0.0.1:56740
Begin MonoManager ReloadAssembly
Registering precompiled unity dll's ...
Register platform support module: C:/Program Files/Unity/Hub/Editor/2020.3.31f1/Editor/Data/PlaybackEngines/WebGLSupport/UnityEditor.WebGL.Extensions.dll
Register platform support module: C:/Program Files/Unity/Hub/Editor/2020.3.31f1/Editor/Data/PlaybackEngines/WindowsStandaloneSupport/UnityEditor.WindowsStandalone.Extensions.dll
Registered in 0.002277 seconds.
Native extension for WindowsStandalone target not found
Native extension for WebGL target not found
Refreshing native plugins compatible for Editor in 41.50 ms, found 2 plugins.
Preloading 0 native plugins for Editor in 0.00 ms.
Mono: successfully reloaded assembly
- Completed reload, in  0.728 seconds
Domain Reload Profiling:
	ReloadAssembly (728ms)
		BeginReloadAssembly (89ms)
			ExecutionOrderSort (0ms)
			DisableScriptedObjects (0ms)
			BackupInstance (0ms)
			ReleaseScriptingObjects (0ms)
			CreateAndSetChildDomain (1ms)
		EndReloadAssembly (551ms)
			LoadAssemblies (87ms)
			RebuildTransferFunctionScriptingTraits (0ms)
			SetupTypeCache (195ms)
			ReleaseScriptCaches (0ms)
			RebuildScriptCaches (33ms)
			SetupLoadedEditorAssemblies (193ms)
				LogAssemblyErrors (0ms)
				InitializePlatformSupportModulesInManaged (6ms)
				SetLoadedEditorAssemblies (1ms)
				RefreshPlugins (42ms)
				BeforeProcessingInitializeOnLoad (10ms)
				ProcessInitializeOnLoadAttributes (95ms)
				ProcessInitializeOnLoadMethodAttributes (40ms)
				AfterProcessingInitializeOnLoad (0ms)
				EditorAssembliesLoaded (0ms)
			ExecutionOrderSort2 (0ms)
			AwakeInstancesAfterBackupRestoration (0ms)
Platform modules already initialized, skipping
Registering precompiled user dll's ...
Registered in 0.004821 seconds.
Begin MonoManager ReloadAssembly
Native extension for WindowsStandalone target not found
Native extension for WebGL target not found
Refreshing native plugins compatible for Editor in 0.50 ms, found 2 plugins.
Preloading 0 native plugins for Editor in 0.00 ms.
Mono: successfully reloaded assembly
- Completed reload, in  5.982 seconds
Domain Reload Profiling:
	ReloadAssembly (5987ms)
		BeginReloadAssembly (191ms)
			ExecutionOrderSort (0ms)
			DisableScriptedObjects (7ms)
			BackupInstance (0ms)
			ReleaseScriptingObjects (0ms)
			CreateAndSetChildDomain (27ms)
		EndReloadAssembly (5726ms)
			LoadAssemblies (2450ms)
			RebuildTransferFunctionScriptingTraits (0ms)
			SetupTypeCache (1402ms)
			ReleaseScriptCaches (1ms)
			RebuildScriptCaches (63ms)
			SetupLoadedEditorAssemblies (1676ms)
				LogAssemblyErrors (0ms)
				InitializePlatformSupportModulesInManaged (7ms)
				SetLoadedEditorAssemblies (1ms)
				RefreshPlugins (1ms)
				BeforeProcessingInitializeOnLoad (80ms)
				ProcessInitializeOnLoadAttributes (510ms)
				ProcessInitializeOnLoadMethodAttributes (1071ms)
				AfterProcessingInitializeOnLoad (6ms)
				EditorAssembliesLoaded (0ms)
			ExecutionOrderSort2 (0ms)
			AwakeInstancesAfterBackupRestoration (9ms)
Platform modules already initialized, skipping
========================================================================
Worker process is ready to serve import requests
Launched and connected shader compiler UnityShaderCompiler.exe after 0.40 seconds
Refreshing native plugins compatible for Editor in 0.44 ms, found 2 plugins.
Preloading 0 native plugins for Editor in 0.00 ms.
Unloading 1866 Unused Serialized files (Serialized files now loaded: 0)
System memory in use before: 80.9 MB.
System memory in use after: 81.0 MB.

Unloading 20 unused Assets to reduce memory usage. Loaded Objects now: 2307.
Total: 4.391000 ms (FindLiveObjects: 0.174900 ms CreateObjectMapping: 0.071500 ms MarkObjects: 4.002200 ms  DeleteObjects: 0.141000 ms)

AssetImportParameters requested are different than current active one (requested -> active):
  custom:framework-win-MediaFoundation: 216162199b28c13a410421893ffa2e32 -> 
  custom:video-decoder-ogg-theora: a1e56fd34408186e4bbccfd4996cb3dc -> 
  custom:container-muxer-webm: aa71ff27fc2769a1b78a27578f13a17b -> 
  custom:container-demuxer-webm: 4f35f7cbe854078d1ac9338744f61a02 -> 
  custom:container-demuxer-ogg: 62fdf1f143b41e24485cea50d1cbac27 -> 
  custom:video-encoder-webm-vp8: eb34c28f22e8b96e1ab97ce403110664 -> 
  custom:video-decoder-webm-vp8: 9c59270c3fd7afecdb556c50c9e8de78 -> 
  custom:audio-decoder-ogg-vorbis: bf7c407c2cedff20999df2af8eb42d56 -> 
  custom:audio-encoder-webm-vorbis: bf7c407c2cedff20999df2af8eb42d56 -> 
========================================================================
Received Import Request.
  path: Assets/Prefabs/ModerColumn.prefab
  artifactKey: Guid(a8165e35b8484f146a54c17d2f04c778) Importer(815301076,1909f56bfc062723c751e8b465ee728b)
Start importing Assets/Prefabs/ModerColumn.prefab using Guid(a8165e35b8484f146a54c17d2f04c778) Importer(815301076,1909f56bfc062723c751e8b465ee728b)  -> (artifact id: '48175036668ddf94c53e08da0894761f') in 0.969505 seconds 
========================================================================
Received Import Request.
  Time since last request: 172.253478 seconds.
  path: Assets/3DModels/bonsai/source/bonsai-corona.fbx
  artifactKey: Guid(a0f1cb0e4a224904286b9feb65c9bc8e) Importer(815301076,1909f56bfc062723c751e8b465ee728b)
Start importing Assets/3DModels/bonsai/source/bonsai-corona.fbx using Guid(a0f1cb0e4a224904286b9feb65c9bc8e) Importer(815301076,1909f56bfc062723c751e8b465ee728b)  -> (artifact id: '13936bd2b3400975d7d0a2eede5d159c') in 0.941476 seconds 
========================================================================
Received Import Request.
  Time since last request: 15.429624 seconds.
  path: Assets/3DModels/bonsai/source/bonsai-corona.fbx
  artifactKey: Guid(a0f1cb0e4a224904286b9feb65c9bc8e) Importer(815301076,1909f56bfc062723c751e8b465ee728b)
Start importing Assets/3DModels/bonsai/source/bonsai-corona.fbx using Guid(a0f1cb0e4a224904286b9feb65c9bc8e) Importer(815301076,1909f56bfc062723c751e8b465ee728b)  -> (artifact id: 'd79ee6bb0a4a4dea9e2f37365f237e4b') in 0.357277 seconds 
========================================================================
Received Import Request.
  Time since last request: 117.710064 seconds.
  path: Assets/Prefabs/ModerBonsai.prefab
  artifactKey: Guid(06a3b23dee957b84497b9d68dc8f7dbd) Importer(815301076,1909f56bfc062723c751e8b465ee728b)
Start importing Assets/Prefabs/ModerBonsai.prefab using Guid(06a3b23dee957b84497b9d68dc8f7dbd) Importer(815301076,1909f56bfc062723c751e8b465ee728b)  -> (artifact id: '9ca69b2e6bcba03c79997b418948c079') in 0.292073 seconds 
========================================================================
Received Import Request.
  Time since last request: 228.790678 seconds.
  path: Assets/3DModels/moder-chair/source/moder_chair/moder_chair1.OBJ
  artifactKey: Guid(aa2c4264ad559074a9ea70fa63a13e82) Importer(815301076,1909f56bfc062723c751e8b465ee728b)
Start importing Assets/3DModels/moder-chair/source/moder_chair/moder_chair1.OBJ using Guid(aa2c4264ad559074a9ea70fa63a13e82) Importer(815301076,1909f56bfc062723c751e8b465ee728b)  -> (artifact id: 'de662aa4889a843f475a3c5e2490ea34') in 0.067306 seconds 
========================================================================
Received Import Request.
  Time since last request: 89.203333 seconds.
  path: Assets/3DModels/moder-chair/source/moder_chair/moder_chair1.OBJ
  artifactKey: Guid(aa2c4264ad559074a9ea70fa63a13e82) Importer(815301076,1909f56bfc062723c751e8b465ee728b)
Start importing Assets/3DModels/moder-chair/source/moder_chair/moder_chair1.OBJ using Guid(aa2c4264ad559074a9ea70fa63a13e82) Importer(815301076,1909f56bfc062723c751e8b465ee728b)  -> (artifact id: 'be9ceb3033b5631104677168f6ce1a9b') in 0.083741 seconds 
========================================================================
Received Import Request.
  Time since last request: 12.834225 seconds.
  path: Assets/3DModels/moder-chair/source/moder_chair/moder_chair1.OBJ
  artifactKey: Guid(aa2c4264ad559074a9ea70fa63a13e82) Importer(815301076,1909f56bfc062723c751e8b465ee728b)
Start importing Assets/3DModels/moder-chair/source/moder_chair/moder_chair1.OBJ using Guid(aa2c4264ad559074a9ea70fa63a13e82) Importer(815301076,1909f56bfc062723c751e8b465ee728b)  -> (artifact id: 'd86d57e5089b0395bbc40a20c81df418') in 0.074397 seconds 
========================================================================
Received Import Request.
  Time since last request: 158.008593 seconds.
  path: Assets/3DModels/moder-chair/source/moder_chair/moder_chair1.OBJ
  artifactKey: Guid(aa2c4264ad559074a9ea70fa63a13e82) Importer(815301076,1909f56bfc062723c751e8b465ee728b)
Start importing Assets/3DModels/moder-chair/source/moder_chair/moder_chair1.OBJ using Guid(aa2c4264ad559074a9ea70fa63a13e82) Importer(815301076,1909f56bfc062723c751e8b465ee728b)  -> (artifact id: 'ffdf7ed74e20d63393523a20aa1a2d66') in 0.058587 seconds 
========================================================================
Received Import Request.
  Time since last request: 108.190493 seconds.
  path: Assets/Prefabs/ModerChair.prefab
  artifactKey: Guid(dc7f3fd691101004780c0cf5f7bf9ad9) Importer(815301076,1909f56bfc062723c751e8b465ee728b)
Start importing Assets/Prefabs/ModerChair.prefab using Guid(dc7f3fd691101004780c0cf5f7bf9ad9) Importer(815301076,1909f56bfc062723c751e8b465ee728b)  -> (artifact id: 'd73d20c6f1d1c2674d342b9c5a8f19e8') in 0.136075 seconds 
========================================================================
Received Import Request.
  Time since last request: 53.199755 seconds.
  path: Assets/3DModels/old-desk-lamp
  artifactKey: Guid(d3ede08920c0fe441bfc398ab0a222c7) Importer(815301076,1909f56bfc062723c751e8b465ee728b)
Start importing Assets/3DModels/old-desk-lamp using Guid(d3ede08920c0fe441bfc398ab0a222c7) Importer(815301076,1909f56bfc062723c751e8b465ee728b)  -> (artifact id: '2b520a73b3507992687ec7684ba85bf9') in 0.029063 seconds 
========================================================================
Received Import Request.
  Time since last request: 1.380570 seconds.
  path: Assets/3DModels/old-desk-lamp/source
  artifactKey: Guid(a513ba300f0098a49af4c8d717937d7c) Importer(815301076,1909f56bfc062723c751e8b465ee728b)
Start importing Assets/3DModels/old-desk-lamp/source using Guid(a513ba300f0098a49af4c8d717937d7c) Importer(815301076,1909f56bfc062723c751e8b465ee728b)  -> (artifact id: 'b99868f36e88181319f50d6500e93572') in 0.069648 seconds 
========================================================================
Received Import Request.
  Time since last request: 1.108967 seconds.
  path: Assets/3DModels/old-desk-lamp/source/model
  artifactKey: Guid(69171c3b5a895b74398deabdbe9a3974) Importer(815301076,1909f56bfc062723c751e8b465ee728b)
Start importing Assets/3DModels/old-desk-lamp/source/model using Guid(69171c3b5a895b74398deabdbe9a3974) Importer(815301076,1909f56bfc062723c751e8b465ee728b)  -> (artifact id: '19f3bd56a20d51bd6d54dc8fcc595e87') in 0.018188 seconds 
========================================================================
Received Import Request.
  Time since last request: 1.328004 seconds.
  path: Assets/3DModels/old-desk-lamp/source/model/model.dae
  artifactKey: Guid(c348872bf922fd7409835404d7807327) Importer(815301076,1909f56bfc062723c751e8b465ee728b)
Start importing Assets/3DModels/old-desk-lamp/source/model/model.dae using Guid(c348872bf922fd7409835404d7807327) Importer(815301076,1909f56bfc062723c751e8b465ee728b)  -> (artifact id: '358778c2c50852a1523d4d3d606bad35') in 0.604019 seconds 
========================================================================
Received Import Request.
  Time since last request: 19.896520 seconds.
  path: Assets/3DModels/old-desk-lamp/source/model/textures
  artifactKey: Guid(620dd01e31fb347429658356779b7620) Importer(815301076,1909f56bfc062723c751e8b465ee728b)
Start importing Assets/3DModels/old-desk-lamp/source/model/textures using Guid(620dd01e31fb347429658356779b7620) Importer(815301076,1909f56bfc062723c751e8b465ee728b)  -> (artifact id: '15585673f6eb2b1fb64db7532c82ba87') in 0.030542 seconds 
========================================================================
Received Import Request.
  Time since last request: 14.868031 seconds.
  path: Assets/3DModels/old-desk-lamp/source/model/model.dae
  artifactKey: Guid(c348872bf922fd7409835404d7807327) Importer(815301076,1909f56bfc062723c751e8b465ee728b)
Start importing Assets/3DModels/old-desk-lamp/source/model/model.dae using Guid(c348872bf922fd7409835404d7807327) Importer(815301076,1909f56bfc062723c751e8b465ee728b)  -> (artifact id: 'ff83bec7b0db96eda9c72bcde26a1bd3') in 0.046311 seconds 
========================================================================
Received Import Request.
  Time since last request: 77.112251 seconds.
  path: Assets/3DModels/old-desk-lamp/source/model/model.dae
  artifactKey: Guid(c348872bf922fd7409835404d7807327) Importer(815301076,1909f56bfc062723c751e8b465ee728b)
Start importing Assets/3DModels/old-desk-lamp/source/model/model.dae using Guid(c348872bf922fd7409835404d7807327) Importer(815301076,1909f56bfc062723c751e8b465ee728b)  -> (artifact id: 'b1cb56a0ad5f57e711a958fdbeb1f6e8') in 0.049625 seconds 
========================================================================
Received Import Request.
  Time since last request: 49.023303 seconds.
  path: Assets/Prefabs/ModerLamp.prefab
  artifactKey: Guid(5f16ef54a356cd2469b5c2c2291266ad) Importer(815301076,1909f56bfc062723c751e8b465ee728b)
Start importing Assets/Prefabs/ModerLamp.prefab using Guid(5f16ef54a356cd2469b5c2c2291266ad) Importer(815301076,1909f56bfc062723c751e8b465ee728b)  -> (artifact id: '1edb69baee7394897e094c694a3be7c2') in 0.050775 seconds 
========================================================================
Received Import Request.
  Time since last request: 59.382143 seconds.
  path: Assets/ImageModels
  artifactKey: Guid(682f3115b99ebc542a1f6a68ba79b88c) Importer(815301076,1909f56bfc062723c751e8b465ee728b)
Start importing Assets/ImageModels using Guid(682f3115b99ebc542a1f6a68ba79b88c) Importer(815301076,1909f56bfc062723c751e8b465ee728b)  -> (artifact id: 'a0fee33a02eac64154deb17556f8ecb3') in 0.013556 seconds 
========================================================================
Received Import Request.
  Time since last request: 7.887048 seconds.
  path: Assets/3DModels/table-lamp/source/lamp_textured.fbx
  artifactKey: Guid(416088df4b25d134ab8c980ceaf0768e) Importer(815301076,1909f56bfc062723c751e8b465ee728b)
Start importing Assets/3DModels/table-lamp/source/lamp_textured.fbx using Guid(416088df4b25d134ab8c980ceaf0768e) Importer(815301076,1909f56bfc062723c751e8b465ee728b)  -> (artifact id: '117e243737c4c2c0cf551d84beb31104') in 0.602373 seconds 
========================================================================
Received Import Request.
  Time since last request: 20.103903 seconds.
  path: Assets/3DModels/table-lamp/source/lamp_textured.fbx
  artifactKey: Guid(416088df4b25d134ab8c980ceaf0768e) Importer(815301076,1909f56bfc062723c751e8b465ee728b)
Start importing Assets/3DModels/table-lamp/source/lamp_textured.fbx using Guid(416088df4b25d134ab8c980ceaf0768e) Importer(815301076,1909f56bfc062723c751e8b465ee728b)  -> (artifact id: '8491c1f4a304a91a9a07e6355336801b') in 0.225824 seconds 
========================================================================
Received Import Request.
  Time since last request: 6.542781 seconds.
  path: Assets/3DModels/table-lamp/textures
  artifactKey: Guid(d0ea9403a34bf4b46975aef72c2f8ad0) Importer(815301076,1909f56bfc062723c751e8b465ee728b)
Start importing Assets/3DModels/table-lamp/textures using Guid(d0ea9403a34bf4b46975aef72c2f8ad0) Importer(815301076,1909f56bfc062723c751e8b465ee728b)  -> (artifact id: 'dfa82ad0364fec06b96ec3700c646396') in 0.062946 seconds 
========================================================================
Received Import Request.
  Time since last request: 157.055680 seconds.
  path: Assets/3DModels/table-lamp/source/lamp_textured.fbx
  artifactKey: Guid(416088df4b25d134ab8c980ceaf0768e) Importer(815301076,1909f56bfc062723c751e8b465ee728b)
Start importing Assets/3DModels/table-lamp/source/lamp_textured.fbx using Guid(416088df4b25d134ab8c980ceaf0768e) Importer(815301076,1909f56bfc062723c751e8b465ee728b)  -> (artifact id: '3d205011c76279be8e9ea3146faeed7f') in 0.213125 seconds 
========================================================================
Received Import Request.
  Time since last request: 59.650949 seconds.
  path: Assets/Prefabs/ModerLamp2.prefab
  artifactKey: Guid(0fcb8765b2f2aca47b7aafc25fed100e) Importer(815301076,1909f56bfc062723c751e8b465ee728b)
Start importing Assets/Prefabs/ModerLamp2.prefab using Guid(0fcb8765b2f2aca47b7aafc25fed100e) Importer(815301076,1909f56bfc062723c751e8b465ee728b)  -> (artifact id: 'a1b7bbf8ec4e6cfa759670ac638fa423') in 0.207256 seconds 
========================================================================
Received Import Request.
  Time since last request: 1004.475307 seconds.
  path: Assets/ImageModels/Table.png
  artifactKey: Guid(4f366534d64db4546aab8707929acb88) Importer(815301076,1909f56bfc062723c751e8b465ee728b)
Start importing Assets/ImageModels/Table.png using Guid(4f366534d64db4546aab8707929acb88) Importer(815301076,1909f56bfc062723c751e8b465ee728b)  -> (artifact id: '5d573b1fa33d1969886589d211051dfd') in 0.379272 seconds 
========================================================================
Received Import Request.
  Time since last request: 251.938547 seconds.
  path: Assets/ScriptableObjects/Chair.asset
  artifactKey: Guid(8fba87e1c01728648ab66af37ec1bf73) Importer(815301076,1909f56bfc062723c751e8b465ee728b)
Start importing Assets/ScriptableObjects/Chair.asset using Guid(8fba87e1c01728648ab66af37ec1bf73) Importer(815301076,1909f56bfc062723c751e8b465ee728b)  -> (artifact id: 'af5a1a3194f053c1fca988d16e9c532a') in 0.047578 seconds 
========================================================================
Received Import Request.
  Time since last request: 24.940534 seconds.
  path: Assets/ImageModels/Bonsai.png
  artifactKey: Guid(a223de2f9461f8f4b8450fed9a0454f8) Importer(815301076,1909f56bfc062723c751e8b465ee728b)
Start importing Assets/ImageModels/Bonsai.png using Guid(a223de2f9461f8f4b8450fed9a0454f8) Importer(815301076,1909f56bfc062723c751e8b465ee728b)  -> (artifact id: '2f9aa406728c44fd6c15bb9e03914f15') in 0.381127 seconds 
========================================================================
Received Import Request.
  Time since last request: 0.000379 seconds.
  path: Assets/ImageModels/ColumGreek.png
  artifactKey: Guid(322013cc7b1d2ca48971bad1435235b1) Importer(815301076,1909f56bfc062723c751e8b465ee728b)
Start importing Assets/ImageModels/ColumGreek.png using Guid(322013cc7b1d2ca48971bad1435235b1) Importer(815301076,1909f56bfc062723c751e8b465ee728b)  -> (artifact id: '24d96215cc6bc04c570c2352c3ce5018') in 0.243380 seconds 
========================================================================
Received Import Request.
  Time since last request: 1.826437 seconds.
  path: Assets/ImageModels/Lamp.png
  artifactKey: Guid(955aac9f203a86a4eb624bc70f87b3a6) Importer(815301076,1909f56bfc062723c751e8b465ee728b)
Start importing Assets/ImageModels/Lamp.png using Guid(955aac9f203a86a4eb624bc70f87b3a6) Importer(815301076,1909f56bfc062723c751e8b465ee728b)  -> (artifact id: '480ceddbea9b8aa4e6b8d861c2e5bf64') in 0.213203 seconds 
========================================================================
Received Import Request.
  Time since last request: 0.000446 seconds.
  path: Assets/ImageModels/ModerChair.png
  artifactKey: Guid(92d97ac957124584c9e1515b58e31291) Importer(815301076,1909f56bfc062723c751e8b465ee728b)
Start importing Assets/ImageModels/ModerChair.png using Guid(92d97ac957124584c9e1515b58e31291) Importer(815301076,1909f56bfc062723c751e8b465ee728b)  -> (artifact id: '9b53637ee0aa7239318110b6935d9452') in 0.294438 seconds 
========================================================================
Received Import Request.
  Time since last request: 0.000406 seconds.
  path: Assets/ImageModels/OldDeskLamp.png
  artifactKey: Guid(d5d87c47ab7c04b4698b50dacd3004af) Importer(815301076,1909f56bfc062723c751e8b465ee728b)
Start importing Assets/ImageModels/OldDeskLamp.png using Guid(d5d87c47ab7c04b4698b50dacd3004af) Importer(815301076,1909f56bfc062723c751e8b465ee728b)  -> (artifact id: '31a5532ee30a73ae320abfae7c13f756') in 0.168169 seconds 
========================================================================
Received Import Request.
  Time since last request: 56.406638 seconds.
  path: Assets/ScriptableObjects/Bonsai.asset
  artifactKey: Guid(f84ee0ff5896f614ba892fb4ff4219ad) Importer(815301076,1909f56bfc062723c751e8b465ee728b)
Start importing Assets/ScriptableObjects/Bonsai.asset using Guid(f84ee0ff5896f614ba892fb4ff4219ad) Importer(815301076,1909f56bfc062723c751e8b465ee728b)  -> (artifact id: '8aa971a43489bceb55b59ad85394664e') in 0.008357 seconds 
========================================================================
Received Import Request.
  Time since last request: 36.003918 seconds.
  path: Assets/ScriptableObjects/Column.asset
  artifactKey: Guid(a481cf089691acb43868fba9f37d3be2) Importer(815301076,1909f56bfc062723c751e8b465ee728b)
Start importing Assets/ScriptableObjects/Column.asset using Guid(a481cf089691acb43868fba9f37d3be2) Importer(815301076,1909f56bfc062723c751e8b465ee728b)  -> (artifact id: '3c4379829c24fa4efe3c46dcd06173ae') in 0.100122 seconds 
========================================================================
Received Import Request.
  Time since last request: 38.480591 seconds.
  path: Assets/ScriptableObjects/Lamp.asset
  artifactKey: Guid(f3ebcf7317354ae49ab9ecde7ecb68cf) Importer(815301076,1909f56bfc062723c751e8b465ee728b)
Start importing Assets/ScriptableObjects/Lamp.asset using Guid(f3ebcf7317354ae49ab9ecde7ecb68cf) Importer(815301076,1909f56bfc062723c751e8b465ee728b)  -> (artifact id: 'd20dd4f1047a6cc9e18a2ab166f5b30f') in 0.006436 seconds 
========================================================================
Received Import Request.
  Time since last request: 41.252949 seconds.
  path: Assets/ScriptableObjects/ModernLamp.asset
  artifactKey: Guid(81047e96b5bb966449e18d5c53ffb5d9) Importer(815301076,1909f56bfc062723c751e8b465ee728b)
Start importing Assets/ScriptableObjects/ModernLamp.asset using Guid(81047e96b5bb966449e18d5c53ffb5d9) Importer(815301076,1909f56bfc062723c751e8b465ee728b)  -> (artifact id: '9f02e29de223d2de84a04cecaf9c9bd4') in 0.239797 seconds 
========================================================================
Received Prepare
Registering precompiled user dll's ...
Registered in 1.829379 seconds.
Begin MonoManager ReloadAssembly
Native extension for WindowsStandalone target not found
Native extension for WebGL target not found
Refreshing native plugins compatible for Editor in 0.64 ms, found 2 plugins.
Preloading 0 native plugins for Editor in 0.00 ms.
Mono: successfully reloaded assembly
- Completed reload, in  9.850 seconds
Domain Reload Profiling:
	ReloadAssembly (9852ms)
		BeginReloadAssembly (3445ms)
			ExecutionOrderSort (0ms)
			DisableScriptedObjects (14ms)
			BackupInstance (0ms)
			ReleaseScriptingObjects (0ms)
			CreateAndSetChildDomain (111ms)
		EndReloadAssembly (6326ms)
			LoadAssemblies (8028ms)
			RebuildTransferFunctionScriptingTraits (0ms)
			SetupTypeCache (374ms)
			ReleaseScriptCaches (1ms)
			RebuildScriptCaches (52ms)
			SetupLoadedEditorAssemblies (803ms)
				LogAssemblyErrors (0ms)
				InitializePlatformSupportModulesInManaged (6ms)
				SetLoadedEditorAssemblies (1ms)
				RefreshPlugins (1ms)
				BeforeProcessingInitializeOnLoad (76ms)
				ProcessInitializeOnLoadAttributes (438ms)
				ProcessInitializeOnLoadMethodAttributes (275ms)
				AfterProcessingInitializeOnLoad (6ms)
				EditorAssembliesLoaded (0ms)
			ExecutionOrderSort2 (0ms)
			AwakeInstancesAfterBackupRestoration (11ms)
Platform modules already initialized, skipping
Switching build target platform(19) subTarget(0) extendedPlatform(0) -> platform(13) subTarget(589824) extendedPlatform(0)
Refreshing native plugins compatible for Editor in 0.53 ms, found 2 plugins.
Preloading 0 native plugins for Editor in 0.00 ms.
Unloading 1859 Unused Serialized files (Serialized files now loaded: 0)
System memory in use before: 84.2 MB.
System memory in use after: 84.3 MB.

Unloading 15 unused Assets to reduce memory usage. Loaded Objects now: 2356.
Total: 4.071800 ms (FindLiveObjects: 0.333700 ms CreateObjectMapping: 0.136900 ms MarkObjects: 3.503800 ms  DeleteObjects: 0.096300 ms)

AssetImportParameters requested are different than current active one (requested -> active):
  custom:framework-win-MediaFoundation: 216162199b28c13a410421893ffa2e32 -> 
  custom:video-decoder-ogg-theora: a1e56fd34408186e4bbccfd4996cb3dc -> 
  custom:container-muxer-webm: aa71ff27fc2769a1b78a27578f13a17b -> 
  custom:container-demuxer-webm: 4f35f7cbe854078d1ac9338744f61a02 -> 
  custom:container-demuxer-ogg: 62fdf1f143b41e24485cea50d1cbac27 -> 
  custom:video-encoder-webm-vp8: eb34c28f22e8b96e1ab97ce403110664 -> 
  custom:video-decoder-webm-vp8: 9c59270c3fd7afecdb556c50c9e8de78 -> 
  custom:graphics/normal-map-encoding: 01000000000000000000000000000000 -> 02000000000000000000000000000000
  custom:audio-decoder-ogg-vorbis: bf7c407c2cedff20999df2af8eb42d56 -> 
  custom:audio-encoder-webm-vorbis: bf7c407c2cedff20999df2af8eb42d56 -> 
========================================================================
Received Import Request.
  Time since last request: 351.785598 seconds.
  path: Assets/Prefabs/Button.prefab
  artifactKey: Guid(e023d2439556f974a9ee0ea7b595c77a) Importer(815301076,1909f56bfc062723c751e8b465ee728b)
Start importing Assets/Prefabs/Button.prefab using Guid(e023d2439556f974a9ee0ea7b595c77a) Importer(815301076,1909f56bfc062723c751e8b465ee728b)  -> (artifact id: '9b1dc0f0645ee410aa9ef4443215f653') in 0.359928 seconds 
========================================================================
Received Import Request.
  Time since last request: 363.568375 seconds.
  path: Assets/Script/DataManager.cs
  artifactKey: Guid(015ad3cc8f54856468949461355ad88e) Importer(815301076,1909f56bfc062723c751e8b465ee728b)
Start importing Assets/Script/DataManager.cs using Guid(015ad3cc8f54856468949461355ad88e) Importer(815301076,1909f56bfc062723c751e8b465ee728b)  -> (artifact id: '3837e90c106cf146459d6ba7450015e5') in 1.872954 seconds 
========================================================================
Received Import Request.
  Time since last request: 9.680107 seconds.
  path: Assets/Script/ItemButtonManager.cs
  artifactKey: Guid(827a0ea695497584296defe1a66330b6) Importer(815301076,1909f56bfc062723c751e8b465ee728b)
Start importing Assets/Script/ItemButtonManager.cs using Guid(827a0ea695497584296defe1a66330b6) Importer(815301076,1909f56bfc062723c751e8b465ee728b)  -> (artifact id: 'f67e65783f7a5c2202cd5a922fc3258e') in 0.020388 seconds 
========================================================================
Received Prepare
Registering precompiled user dll's ...
Registered in 0.113673 seconds.
Begin MonoManager ReloadAssembly
Native extension for WindowsStandalone target not found
Native extension for WebGL target not found
Refreshing native plugins compatible for Editor in 0.56 ms, found 2 plugins.
Preloading 0 native plugins for Editor in 0.00 ms.
Mono: successfully reloaded assembly
- Completed reload, in  1.363 seconds
Domain Reload Profiling:
	ReloadAssembly (1364ms)
		BeginReloadAssembly (142ms)
			ExecutionOrderSort (0ms)
			DisableScriptedObjects (6ms)
			BackupInstance (0ms)
			ReleaseScriptingObjects (0ms)
			CreateAndSetChildDomain (42ms)
		EndReloadAssembly (1148ms)
			LoadAssemblies (122ms)
			RebuildTransferFunctionScriptingTraits (0ms)
			SetupTypeCache (432ms)
			ReleaseScriptCaches (1ms)
			RebuildScriptCaches (48ms)
			SetupLoadedEditorAssemblies (360ms)
				LogAssemblyErrors (0ms)
				InitializePlatformSupportModulesInManaged (7ms)
				SetLoadedEditorAssemblies (1ms)
				RefreshPlugins (1ms)
				BeforeProcessingInitializeOnLoad (65ms)
				ProcessInitializeOnLoadAttributes (260ms)
				ProcessInitializeOnLoadMethodAttributes (17ms)
				AfterProcessingInitializeOnLoad (9ms)
				EditorAssembliesLoaded (0ms)
			ExecutionOrderSort2 (0ms)
			AwakeInstancesAfterBackupRestoration (11ms)
Platform modules already initialized, skipping
Switching build target platform(19) subTarget(0) extendedPlatform(0) -> platform(13) subTarget(589824) extendedPlatform(0)
Refreshing native plugins compatible for Editor in 0.98 ms, found 2 plugins.
Preloading 0 native plugins for Editor in 0.00 ms.
Unloading 1861 Unused Serialized files (Serialized files now loaded: 0)
System memory in use before: 84.3 MB.
System memory in use after: 84.4 MB.

Unloading 16 unused Assets to reduce memory usage. Loaded Objects now: 2362.
Total: 4.441500 ms (FindLiveObjects: 0.385300 ms CreateObjectMapping: 0.126500 ms MarkObjects: 3.857000 ms  DeleteObjects: 0.071700 ms)

AssetImportParameters requested are different than current active one (requested -> active):
  custom:framework-win-MediaFoundation: 216162199b28c13a410421893ffa2e32 -> 
  custom:video-decoder-ogg-theora: a1e56fd34408186e4bbccfd4996cb3dc -> 
  custom:container-muxer-webm: aa71ff27fc2769a1b78a27578f13a17b -> 
  custom:container-demuxer-webm: 4f35f7cbe854078d1ac9338744f61a02 -> 
  custom:container-demuxer-ogg: 62fdf1f143b41e24485cea50d1cbac27 -> 
  custom:video-encoder-webm-vp8: eb34c28f22e8b96e1ab97ce403110664 -> 
  custom:video-decoder-webm-vp8: 9c59270c3fd7afecdb556c50c9e8de78 -> 
  custom:graphics/normal-map-encoding: 01000000000000000000000000000000 -> 02000000000000000000000000000000
  custom:audio-decoder-ogg-vorbis: bf7c407c2cedff20999df2af8eb42d56 -> 
  custom:audio-encoder-webm-vorbis: bf7c407c2cedff20999df2af8eb42d56 -> 
AssetImportWorkerClient::OnTransportError - code=2 error=End of file
